<?xml version="1.0" encoding="UTF-8"?>
<!-- Generated by org.testng.reporters.JUnitReportReporter -->
<testsuite hostname="DESKTOP-USC532Q" failures="0" tests="1" name="QualityKiosksTraining.RestAssuredexample.SimpleGetTest" time="8.763" errors="0" timestamp="2021-06-08T10:31:39 IST" skipped="0">
  <testcase classname="QualityKiosksTraining.RestAssuredexample.SimpleGetTest" name="GetWeatherDetails" time="8.763"/>
  <system-out/>
</testsuite> <!-- QualityKiosksTraining.RestAssuredexample.SimpleGetTest -->
